Using pre-set license
Built from '2021.3/staging' branch; Version is '2021.3.6f1 (7da38d85baf6) revision 8233869'; Using compiler version '192829333'; Build Type 'Release'
OS: 'Windows 10  (10.0.18363) 64bit Core' Language: 'ko' Physical Memory: 16332 MB
BatchMode: 1, IsHumanControllingUs: 0, StartBugReporterOnCrash: 0, Is64bit: 1, IsPro: 1

COMMAND LINE ARGUMENTS:
C:\Program Files\Unity\Hub\Editor\2021.3.6f1\Editor\Unity.exe
-adb2
-batchMode
-noUpm
-name
AssetImportWorker3
-projectPath
E:/batang/Portfolio/MyUnityProject
-logFile
Logs/AssetImportWorker3.log
-srvPort
12762
Successfully changed project path to: E:/batang/Portfolio/MyUnityProject
E:/batang/Portfolio/MyUnityProject
[UnityMemory] Configuration Parameters - Can be set up in boot.config
    "memorysetup-bucket-allocator-granularity=16"
    "memorysetup-bucket-allocator-bucket-count=8"
    "memorysetup-bucket-allocator-block-size=33554432"
    "memorysetup-bucket-allocator-block-count=8"
    "memorysetup-main-allocator-block-size=16777216"
    "memorysetup-thread-allocator-block-size=16777216"
    "memorysetup-gfx-main-allocator-block-size=16777216"
    "memorysetup-gfx-thread-allocator-block-size=16777216"
    "memorysetup-cache-allocator-block-size=4194304"
    "memorysetup-typetree-allocator-block-size=2097152"
    "memorysetup-profiler-bucket-allocator-granularity=16"
    "memorysetup-profiler-bucket-allocator-bucket-count=8"
    "memorysetup-profiler-bucket-allocator-block-size=33554432"
    "memorysetup-profiler-bucket-allocator-block-count=8"
    "memorysetup-profiler-allocator-block-size=16777216"
    "memorysetup-profiler-editor-allocator-block-size=1048576"
    "memorysetup-temp-allocator-size-main=16777216"
    "memorysetup-job-temp-allocator-block-size=2097152"
    "memorysetup-job-temp-allocator-block-size-background=1048576"
    "memorysetup-job-temp-allocator-reduction-small-platforms=262144"
    "memorysetup-temp-allocator-size-background-worker=32768"
    "memorysetup-temp-allocator-size-job-worker=262144"
    "memorysetup-temp-allocator-size-preload-manager=33554432"
    "memorysetup-temp-allocator-size-nav-mesh-worker=65536"
    "memorysetup-temp-allocator-size-audio-worker=65536"
    "memorysetup-temp-allocator-size-cloud-worker=32768"
    "memorysetup-temp-allocator-size-gi-baking-worker=262144"
    "memorysetup-temp-allocator-size-gfx=262144"
Refreshing native plugins compatible for Editor in 163.75 ms, found 3 plugins.
Preloading 0 native plugins for Editor in 0.00 ms.
Initialize engine version: 2021.3.6f1 (7da38d85baf6)
[Subsystems] Discovering subsystems at path C:/Program Files/Unity/Hub/Editor/2021.3.6f1/Editor/Data/Resources/UnitySubsystems
[Subsystems] Discovering subsystems at path E:/batang/Portfolio/MyUnityProject/Assets
GfxDevice: creating device client; threaded=0; jobified=0
Direct3D:
    Version:  Direct3D 11.0 [level 11.1]
    Renderer: NVIDIA GeForce GTX 1660 SUPER (ID=0x21c4)
    Vendor:   NVIDIA
    VRAM:     5991 MB
    Driver:   31.0.15.1694
Initialize mono
Mono path[0] = 'C:/Program Files/Unity/Hub/Editor/2021.3.6f1/Editor/Data/Managed'
Mono path[1] = 'C:/Program Files/Unity/Hub/Editor/2021.3.6f1/Editor/Data/MonoBleedingEdge/lib/mono/unityjit-win32'
Mono config path = 'C:/Program Files/Unity/Hub/Editor/2021.3.6f1/Editor/Data/MonoBleedingEdge/etc'
Using monoOptions --debugger-agent=transport=dt_socket,embedding=1,server=y,suspend=n,address=127.0.0.1:56120
Begin MonoManager ReloadAssembly
Registering precompiled unity dll's ...
Register platform support module: C:/Program Files/Unity/Hub/Editor/2021.3.6f1/Editor/Data/PlaybackEngines/AndroidPlayer/UnityEditor.Android.Extensions.dll
Register platform support module: C:/Program Files/Unity/Hub/Editor/2021.3.6f1/Editor/Data/PlaybackEngines/WindowsStandaloneSupport/UnityEditor.WindowsStandalone.Extensions.dll
Registered in 0.010948 seconds.
Native extension for WindowsStandalone target not found
Native extension for Android target not found
Refreshing native plugins compatible for Editor in 104.49 ms, found 3 plugins.
Preloading 0 native plugins for Editor in 0.00 ms.
Mono: successfully reloaded assembly
- Completed reload, in  0.628 seconds
Domain Reload Profiling:
	ReloadAssembly (629ms)
		BeginReloadAssembly (76ms)
			ExecutionOrderSort (0ms)
			DisableScriptedObjects (0ms)
			BackupInstance (0ms)
			ReleaseScriptingObjects (0ms)
			CreateAndSetChildDomain (1ms)
		EndReloadAssembly (444ms)
			LoadAssemblies (73ms)
			RebuildTransferFunctionScriptingTraits (0ms)
			SetupTypeCache (91ms)
			ReleaseScriptCaches (0ms)
			RebuildScriptCaches (23ms)
			SetupLoadedEditorAssemblies (281ms)
				LogAssemblyErrors (0ms)
				InitializePlatformSupportModulesInManaged (51ms)
				SetLoadedEditorAssemblies (1ms)
				RefreshPlugins (105ms)
				BeforeProcessingInitializeOnLoad (1ms)
				ProcessInitializeOnLoadAttributes (81ms)
				ProcessInitializeOnLoadMethodAttributes (41ms)
				AfterProcessingInitializeOnLoad (0ms)
				EditorAssembliesLoaded (0ms)
			ExecutionOrderSort2 (0ms)
			AwakeInstancesAfterBackupRestoration (0ms)
Platform modules already initialized, skipping
Registering precompiled user dll's ...
Registered in 0.005086 seconds.
Begin MonoManager ReloadAssembly
Symbol file LoadedFromMemory doesn't match image E:\batang\Portfolio\MyUnityProject\Library\PackageCache\com.unity.visualscripting@1.7.8\Editor\VisualScripting.Core\Dependencies\YamlDotNet\Unity.VisualScripting.YamlDotNet.dll
Symbol file LoadedFromMemory doesn't match image E:\batang\Portfolio\MyUnityProject\Library\PackageCache\com.unity.visualscripting@1.7.8\Editor\VisualScripting.Core\Dependencies\DotNetZip\Unity.VisualScripting.IonicZip.dll
Native extension for WindowsStandalone target not found
Native extension for Android target not found
Refreshing native plugins compatible for Editor in 101.35 ms, found 3 plugins.
Preloading 0 native plugins for Editor in 0.00 ms.
Mono: successfully reloaded assembly
- Completed reload, in  3.790 seconds
Domain Reload Profiling:
	ReloadAssembly (3790ms)
		BeginReloadAssembly (212ms)
			ExecutionOrderSort (0ms)
			DisableScriptedObjects (5ms)
			BackupInstance (0ms)
			ReleaseScriptingObjects (0ms)
			CreateAndSetChildDomain (118ms)
		EndReloadAssembly (3470ms)
			LoadAssemblies (85ms)
			RebuildTransferFunctionScriptingTraits (0ms)
			SetupTypeCache (198ms)
			ReleaseScriptCaches (1ms)
			RebuildScriptCaches (50ms)
			SetupLoadedEditorAssemblies (3097ms)
				LogAssemblyErrors (0ms)
				InitializePlatformSupportModulesInManaged (14ms)
				SetLoadedEditorAssemblies (0ms)
				RefreshPlugins (101ms)
				BeforeProcessingInitializeOnLoad (85ms)
				ProcessInitializeOnLoadAttributes (1876ms)
				ProcessInitializeOnLoadMethodAttributes (996ms)
				AfterProcessingInitializeOnLoad (24ms)
				EditorAssembliesLoaded (0ms)
			ExecutionOrderSort2 (0ms)
			AwakeInstancesAfterBackupRestoration (19ms)
Platform modules already initialized, skipping
========================================================================
Worker process is ready to serve import requests
Launched and connected shader compiler UnityShaderCompiler.exe after 0.07 seconds
Refreshing native plugins compatible for Editor in 1.03 ms, found 3 plugins.
Preloading 0 native plugins for Editor in 0.00 ms.
Unloading 3861 Unused Serialized files (Serialized files now loaded: 0)
Unloading 42 unused Assets / (157.5 KB). Loaded Objects now: 4343.
Memory consumption went from 149.1 MB to 148.9 MB.
Total: 3.399400 ms (FindLiveObjects: 0.361800 ms CreateObjectMapping: 0.113600 ms MarkObjects: 2.758500 ms  DeleteObjects: 0.164300 ms)

AssetImportParameters requested are different than current active one (requested -> active):
  custom:video-decoder-ogg-theora: a1e56fd34408186e4bbccfd4996cb3dc -> 
  custom:container-muxer-webm: aa71ff27fc2769a1b78a27578f13a17b -> 
  custom:container-demuxer-webm: 4f35f7cbe854078d1ac9338744f61a02 -> 
  custom:video-encoder-webm-vp8: eb34c28f22e8b96e1ab97ce403110664 -> 
  custom:audio-encoder-webm-vorbis: bf7c407c2cedff20999df2af8eb42d56 -> 
  custom:framework-win-MediaFoundation: 216162199b28c13a410421893ffa2e32 -> 
  custom:container-demuxer-ogg: 62fdf1f143b41e24485cea50d1cbac27 -> 
  custom:video-decoder-webm-vp8: 9c59270c3fd7afecdb556c50c9e8de78 -> 
  custom:audio-decoder-ogg-vorbis: bf7c407c2cedff20999df2af8eb42d56 -> 
========================================================================
Received Import Request.
  Time since last request: 1579384.916025 seconds.
  path: Assets/Resources/Prefabs/Cubano-Regular.otf
  artifactKey: Guid(7b686bfaa81f5f94b9f85a5543496bba) Importer(815301076,1909f56bfc062723c751e8b465ee728b)
Start importing Assets/Resources/Prefabs/Cubano-Regular.otf using Guid(7b686bfaa81f5f94b9f85a5543496bba) Importer(815301076,1909f56bfc062723c751e8b465ee728b)  -> (artifact id: '1960aeb5a7763c8ebe1275152cf03dfb') in 0.231435 seconds 
========================================================================
Received Import Request.
  Time since last request: 0.000023 seconds.
  path: Assets/Scenes/LoadingScene1.unity
  artifactKey: Guid(e43c7cc659edd5746a8a514424724f80) Importer(815301076,1909f56bfc062723c751e8b465ee728b)
Start importing Assets/Scenes/LoadingScene1.unity using Guid(e43c7cc659edd5746a8a514424724f80) Importer(815301076,1909f56bfc062723c751e8b465ee728b)  -> (artifact id: '2397a39c2218b82cd9bc8a904464f3d0') in 0.005221 seconds 
========================================================================
Received Import Request.
  Time since last request: 0.000062 seconds.
  path: Assets/coin-tex.png
  artifactKey: Guid(9358a5da99e543a4394c771a9709fcf1) Importer(815301076,1909f56bfc062723c751e8b465ee728b)
Start importing Assets/coin-tex.png using Guid(9358a5da99e543a4394c771a9709fcf1) Importer(815301076,1909f56bfc062723c751e8b465ee728b)  -> (artifact id: 'a16e38eda184c7047d6c664a04c4f90e') in 0.076645 seconds 
========================================================================
Received Import Request.
  Time since last request: 0.000019 seconds.
  path: Assets/Scenes/Stage2/NavMesh.asset
  artifactKey: Guid(abce8053726f0af47a8e1fa3d0cc93e1) Importer(815301076,1909f56bfc062723c751e8b465ee728b)
Start importing Assets/Scenes/Stage2/NavMesh.asset using Guid(abce8053726f0af47a8e1fa3d0cc93e1) Importer(815301076,1909f56bfc062723c751e8b465ee728b)  -> (artifact id: 'a5109860a64ad6da3c7ed60c0e52d005') in 0.029736 seconds 
========================================================================
Received Import Request.
  Time since last request: 0.000019 seconds.
  path: Assets/InputSystem.inputsettings.asset
  artifactKey: Guid(f2186b21cab6e8d4ca8554e03b33d63a) Importer(815301076,1909f56bfc062723c751e8b465ee728b)
Start importing Assets/InputSystem.inputsettings.asset using Guid(f2186b21cab6e8d4ca8554e03b33d63a) Importer(815301076,1909f56bfc062723c751e8b465ee728b)  -> (artifact id: 'c138945ac79d69ff514b110cd349ff80') in 0.008197 seconds 
========================================================================
Received Import Request.
  Time since last request: 0.000018 seconds.
  path: Assets/Coin.fbx
  artifactKey: Guid(06cd9ca27c61770448dd5dc60f6220ed) Importer(815301076,1909f56bfc062723c751e8b465ee728b)
Start importing Assets/Coin.fbx using Guid(06cd9ca27c61770448dd5dc60f6220ed) Importer(815301076,1909f56bfc062723c751e8b465ee728b)  -> (artifact id: 'f67963e17df536766084940f2c1a39d9') in 0.119638 seconds 
========================================================================
Received Import Request.
  Time since last request: 0.000032 seconds.
  path: Assets/Scenes/New Material 1.mat
  artifactKey: Guid(9bc617442ab5cb24fa343678140fd0ae) Importer(815301076,1909f56bfc062723c751e8b465ee728b)
Start importing Assets/Scenes/New Material 1.mat using Guid(9bc617442ab5cb24fa343678140fd0ae) Importer(815301076,1909f56bfc062723c751e8b465ee728b)  -> (artifact id: '35bfe04475c8dff5decacf153ec5a9ea') in 0.027144 seconds 
========================================================================
Received Import Request.
  Time since last request: 0.000027 seconds.
  path: Assets/Scenes/Image.prefab
  artifactKey: Guid(763c72f10dbf99a4f9873ac255077188) Importer(815301076,1909f56bfc062723c751e8b465ee728b)
Start importing Assets/Scenes/Image.prefab using Guid(763c72f10dbf99a4f9873ac255077188) Importer(815301076,1909f56bfc062723c751e8b465ee728b)  -> (artifact id: '494594c5cde43d266194e574ef5f4b38') in 0.037239 seconds 
========================================================================
Received Import Request.
  Time since last request: 0.000019 seconds.
  path: Assets/Resources/Prefabs/Object/Person.prefab
  artifactKey: Guid(1b9dfc7a2cbeb544c9adba6021dffa2f) Importer(815301076,1909f56bfc062723c751e8b465ee728b)
Start importing Assets/Resources/Prefabs/Object/Person.prefab using Guid(1b9dfc7a2cbeb544c9adba6021dffa2f) Importer(815301076,1909f56bfc062723c751e8b465ee728b)  -> (artifact id: 'd4e21d6d0a53f131c52fe09a42401267') in 0.046336 seconds 
========================================================================
Received Import Request.
  Time since last request: 0.000018 seconds.
  path: Assets/Resources/Prefabs/Cube.prefab
  artifactKey: Guid(9f54311e86bc0ec4599bff1997207cd6) Importer(815301076,1909f56bfc062723c751e8b465ee728b)
Start importing Assets/Resources/Prefabs/Cube.prefab using Guid(9f54311e86bc0ec4599bff1997207cd6) Importer(815301076,1909f56bfc062723c751e8b465ee728b)  -> (artifact id: 'd0d42596c99216963bcd19639a71814c') in 0.011192 seconds 
========================================================================
Received Import Request.
  Time since last request: 0.000018 seconds.
  path: Assets/Resources/Prefabs/Coin.fbx
  artifactKey: Guid(a68e4b3133d577840aa50c3eda01d320) Importer(815301076,1909f56bfc062723c751e8b465ee728b)
Start importing Assets/Resources/Prefabs/Coin.fbx using Guid(a68e4b3133d577840aa50c3eda01d320) Importer(815301076,1909f56bfc062723c751e8b465ee728b)  -> (artifact id: '143bfb4d40d481a10ac5e0571f0198ea') in 0.027582 seconds 
========================================================================
Received Import Request.
  Time since last request: 0.000016 seconds.
  path: Assets/Colors.png
  artifactKey: Guid(6e17fec28e5f0264599e136ed8d61f2e) Importer(815301076,1909f56bfc062723c751e8b465ee728b)
Start importing Assets/Colors.png using Guid(6e17fec28e5f0264599e136ed8d61f2e) Importer(815301076,1909f56bfc062723c751e8b465ee728b)  -> (artifact id: 'ec96f588db0a1af3c8aa804d5ef724f5') in 0.047986 seconds 
========================================================================
Received Import Request.
  Time since last request: 0.000023 seconds.
  path: Assets/Scenes/New Material.mat
  artifactKey: Guid(29125114d67c2134487f36d9ed9dadd0) Importer(815301076,1909f56bfc062723c751e8b465ee728b)
Start importing Assets/Scenes/New Material.mat using Guid(29125114d67c2134487f36d9ed9dadd0) Importer(815301076,1909f56bfc062723c751e8b465ee728b)  -> (artifact id: 'f26170507f60b38c1e308b64aa1ed875') in 0.027728 seconds 
